2019-11-30 16:25:40 [DEBUG] mail review id=71,mail to=werawat.l@icloud.com
2019-11-30 16:25:42 [DEBUG] mail review id=72,mail to=werawat.l@icloud.com
2019-11-30 16:25:45 [DEBUG] mail review id=76,mail to=werawat.l@icloud.com
2019-11-30 16:25:47 [DEBUG] mail review id=173,mail to=andamantaxis@gmail.com
2019-11-30 16:25:50 [DEBUG] mail review id=174,mail to=andamantaxis@gmail.com
2019-11-30 16:25:52 [DEBUG] mail review id=175,mail to=andamantaxis@gmail.com
2019-11-30 16:25:55 [DEBUG] mail review id=176,mail to=andamantaxis@gmail.com
2019-11-30 16:25:58 [DEBUG] mail review id=178,mail to=andamantaxis@gmail.com
2019-11-30 16:26:01 [DEBUG] mail review id=179,mail to=andamantaxis@gmail.com
2019-11-30 16:26:03 [DEBUG] mail review id=180,mail to=andamantaxis@gmail.com
2019-11-30 16:26:06 [DEBUG] mail review id=181,mail to=andamantaxis@gmail.com
2019-11-30 16:26:08 [DEBUG] mail review id=182,mail to=andamantaxis@gmail.com
2019-11-30 16:26:11 [DEBUG] mail review id=183,mail to=maciekryl15@gmail.com
2019-11-30 16:26:13 [DEBUG] mail review id=184,mail to=andamantaxis@gmail.com
2019-11-30 16:26:15 [DEBUG] mail review id=185,mail to=lek_nanomixs@hotmail.com
2019-11-30 16:26:17 [DEBUG] mail review id=187,mail to=andamantaxis@gmail.com
2019-11-30 16:26:19 [DEBUG] mail review id=188,mail to=andamantaxis@gmail.com
2019-11-30 16:26:22 [DEBUG] mail review id=191,mail to=andamantaxis@gmail.com
2019-11-30 16:26:24 [DEBUG] mail review id=193,mail to=babyyxannie@yahoo.com
2019-11-30 16:26:26 [DEBUG] mail review id=194,mail to=ianjames1950@gmail.com
2019-11-30 16:26:28 [DEBUG] mail review id=195,mail to=andamantaxis@gmail.com
2019-11-30 16:26:30 [DEBUG] mail review id=196,mail to=lek_nanomixs@hotmail.com
2019-11-30 16:26:32 [DEBUG] mail review id=197,mail to=remy.steiblin@hotmail.fr
2019-11-30 16:26:35 [DEBUG] mail review id=199,mail to=yvonne.godhwani@gmail.com
2019-11-30 16:26:37 [DEBUG] mail review id=201,mail to=goetz.schneider@outlook.de
2019-11-30 16:26:39 [DEBUG] mail review id=202,mail to=carson_chang@hotmail.my
2019-11-30 16:26:41 [DEBUG] mail review id=203,mail to=guillemeau.megane@gmail.com
2019-11-30 16:26:43 [DEBUG] mail review id=206,mail to=mailpikou@yahoo.fr
2019-11-30 16:26:45 [DEBUG] mail review id=209,mail to=mauriciomonjardim@hotmail.com
2019-11-30 16:26:47 [DEBUG] mail review id=214,mail to=madetotravel.india@gmail.com
2019-11-30 16:26:49 [DEBUG] mail review id=215,mail to=erika.de.ridder@icloud.com
2019-11-30 16:26:51 [DEBUG] mail review id=217,mail to=martinhejnus@volny.cz
2019-11-30 16:26:54 [DEBUG] mail review id=218,mail to=gertjangj87@gmail.com
2019-11-30 16:26:56 [DEBUG] mail review id=219,mail to=one@king-club.de
2019-11-30 16:26:58 [DEBUG] mail review id=220,mail to=ike2703@yahoo.com
2019-11-30 16:27:00 [DEBUG] mail review id=221,mail to=gordonandmichael@gmail.com
2019-11-30 16:27:02 [DEBUG] mail review id=223,mail to=tkolkka@me.com
2019-11-30 16:27:04 [DEBUG] mail review id=224,mail to=mailpikou@yahoo.fr
2019-11-30 16:27:06 [DEBUG] mail review id=226,mail to=arnaud.glomot@gmail.com
2019-11-30 16:27:08 [DEBUG] mail review id=227,mail to=enricokaelin@gmail.com
2019-11-30 16:27:10 [DEBUG] mail review id=228,mail to=arnaud.glomot@gmail.com
2019-11-30 16:27:12 [DEBUG] mail review id=230,mail to=tkolkka@me.com
2019-11-30 16:27:15 [DEBUG] mail review id=231,mail to=mollyhhdow@gmail.com
2019-11-30 16:27:17 [DEBUG] mail review id=233,mail to=andamantaxis@gmail.com
2019-11-30 16:27:19 [DEBUG] mail review id=234,mail to=alottrips@gmail.com
2019-11-30 16:27:21 [DEBUG] mail review id=236,mail to=alottrips@gmail.com
2019-11-30 16:27:23 [DEBUG] mail review id=237,mail to=andamantaxis@gmail.com
2019-11-30 16:27:25 [DEBUG] mail review id=238,mail to=michael.hoos@gmail.com
2019-11-30 16:27:27 [DEBUG] mail review id=241,mail to=michtietz@yahoo.com
2019-11-30 16:27:29 [DEBUG] mail review id=242,mail to=davidvalek@seznam.cz
2019-11-30 16:27:31 [DEBUG] mail review id=243,mail to=enricokaelin@gmail.com
2019-11-30 16:27:33 [DEBUG] mail review id=244,mail to=miro.cutka@gmail.com
2019-11-30 16:27:35 [DEBUG] mail review id=245,mail to=antony.gregoire@yahoo.fr
2019-11-30 16:27:38 [DEBUG] mail review id=246,mail to=azmanshaharis@yahoo.com.sg
2019-11-30 16:27:40 [DEBUG] mail review id=247,mail to=antoniomunoz08@gmail.com
2019-11-30 16:27:42 [DEBUG] mail review id=248,mail to=deepakshivaraju@gmail.com
2019-11-30 16:27:44 [DEBUG] mail review id=249,mail to=sandiehl@gmx.de
2019-11-30 16:27:46 [DEBUG] mail review id=253,mail to=aektahsubba@yahoo.co.in
2019-11-30 16:27:48 [DEBUG] mail review id=254,mail to=miro.cutka@gmail.com
2019-11-30 16:27:50 [DEBUG] mail review id=256,mail to=sedaoud2001@gmail.com
2019-11-30 16:27:52 [DEBUG] mail review id=257,mail to=efelix@syr.edu
2019-11-30 16:27:54 [DEBUG] mail review id=259,mail to=juljaelstal79@mail.ru
2019-11-30 16:27:56 [DEBUG] mail review id=260,mail to=juljaelstal79@mail.ru
2019-11-30 16:27:58 [DEBUG] mail review id=261,mail to=mokryshev@taxology.ru
2019-11-30 16:28:01 [DEBUG] mail review id=262,mail to=alan.davis@gardnerdenver.com
2019-11-30 16:28:03 [DEBUG] mail review id=263,mail to=antony.gregoire@yahoo.fr
2019-11-30 16:28:05 [DEBUG] mail review id=264,mail to=conansaha@gmail.com
2019-11-30 16:28:07 [DEBUG] mail review id=265,mail to=jborg914@gmail.com
2019-11-30 16:28:09 [DEBUG] mail review id=266,mail to=jdeane16@gmail.com
2019-11-30 16:28:11 [DEBUG] mail review id=268,mail to=hoey1@gmx.de
2019-11-30 16:28:13 [DEBUG] mail review id=269,mail to=incomplete.ashish@gmail.com
2019-11-30 16:28:15 [DEBUG] mail review id=271,mail to=camarenamedina@yahoo.es
2019-11-30 16:28:17 [DEBUG] mail review id=272,mail to=camarenamedina@yahoo.es
2019-11-30 16:28:19 [DEBUG] mail review id=273,mail to=kirankalmali@gmail.com
2019-11-30 16:28:21 [DEBUG] mail review id=275,mail to=manmeet73@hotmail.com
2019-11-30 16:28:24 [DEBUG] mail review id=276,mail to=alstringer2002@yahoo.co.uk
2019-11-30 16:28:26 [DEBUG] mail review id=280,mail to=valerie.e@gmx.de
2019-11-30 16:28:28 [DEBUG] mail review id=282,mail to=jcb4stores@gmail.com
2019-11-30 16:28:30 [DEBUG] mail review id=286,mail to=delilah07@gmx.de
2019-11-30 16:28:32 [DEBUG] mail review id=287,mail to=petersjanmalte@yahoo.de
2019-11-30 16:28:34 [DEBUG] mail review id=288,mail to=loduchamo@hotmail.com
2019-11-30 16:28:36 [DEBUG] mail review id=290,mail to=vinna_jc@yahoo.com
2019-11-30 16:28:38 [DEBUG] mail review id=291,mail to=ferranbex@gmail.com
2019-11-30 16:28:40 [DEBUG] mail review id=294,mail to=gerrit.gabert@googlemail.com
2019-11-30 16:28:42 [DEBUG] mail review id=295,mail to=samthompson373@gmail.com
2019-11-30 16:28:45 [DEBUG] mail review id=296,mail to=6@yopmail.com
2019-11-30 16:28:47 [DEBUG] mail review id=305,mail to=cheejiamin10@hotmail.com
2019-11-30 16:28:49 [DEBUG] mail review id=306,mail to=sogo31@hotmail.fr
2019-11-30 16:28:51 [DEBUG] mail review id=307,mail to=natalia.carballo@wanadoo.es
2019-11-30 16:28:53 [DEBUG] mail review id=308,mail to=marinamiras@gmail.com
2019-11-30 16:28:55 [DEBUG] mail review id=309,mail to=marinamiras@gmail.com
2019-11-30 16:28:57 [DEBUG] mail review id=311,mail to=niinarosina@gmail.com
2019-11-30 16:28:59 [DEBUG] mail review id=315,mail to=jutta.schuette@web.de
2019-11-30 16:29:01 [DEBUG] mail review id=316,mail to=stinjohn@gmail.com
2019-11-30 16:29:03 [DEBUG] mail review id=318,mail to=lisa.dieck@gmail.com
2019-11-30 16:29:05 [DEBUG] mail review id=319,mail to=mohit.lohiya@hotmail.com
2019-11-30 16:29:08 [DEBUG] mail review id=320,mail to=mohit.lohiya@hotmail.com
2019-11-30 16:29:10 [DEBUG] mail review id=321,mail to=rikkardo91@gmail.com
2019-11-30 16:29:12 [DEBUG] mail review id=323,mail to=ameliechivorez@hotmail.fr
2019-11-30 16:29:14 [DEBUG] mail review id=326,mail to=jpkltravels@gmail.com
2019-11-30 16:29:16 [DEBUG] mail review id=327,mail to=ericblodgett@gmail.com
2019-11-30 16:29:18 [DEBUG] mail review id=328,mail to=joy.nandy@gmail.com
2019-11-30 16:29:20 [DEBUG] mail review id=329,mail to=daniel.eugene.smith@gmail.com
2019-11-30 16:29:22 [DEBUG] mail review id=330,mail to=jp.bhati@ymail.com
2019-11-30 16:29:24 [DEBUG] mail review id=334,mail to=radamka@yahoo.com
2019-11-30 16:29:26 [DEBUG] mail review id=335,mail to=mihoci.anca@gmail.com
2019-11-30 16:29:29 [DEBUG] mail review id=337,mail to=samnicholson95@hotmail.co.uk
2019-11-30 16:29:31 [DEBUG] mail review id=338,mail to=jonnii@protonmail.com
2019-11-30 16:29:33 [DEBUG] mail review id=340,mail to=finhet@gmail.com
2019-11-30 16:29:35 [DEBUG] mail review id=342,mail to=hirenkoyani@hotmail.com
2019-11-30 16:29:37 [DEBUG] mail review id=345,mail to=pedo-dentist@hotmail.com
2019-11-30 16:29:39 [DEBUG] mail review id=346,mail to=guyelbaz@free.fr
2019-11-30 16:29:41 [DEBUG] mail review id=347,mail to=michal.folusiak@gmail.com
2019-11-30 16:29:43 [DEBUG] mail review id=348,mail to=ziri2006@gmail.com
2019-11-30 16:29:45 [DEBUG] mail review id=349,mail to=tuurthys34@hotmail.com
2019-11-30 16:29:47 [DEBUG] mail review id=350,mail to=hischmidt@t-online.de
2019-11-30 16:29:50 [DEBUG] mail review id=351,mail to=ingesinge@live.nl
2019-11-30 16:29:52 [DEBUG] mail review id=352,mail to=ingesinge@live.nl
2019-11-30 16:29:54 [DEBUG] mail review id=353,mail to=wanessam722@gmail.com
2019-11-30 16:29:56 [DEBUG] mail review id=354,mail to=joerg-weber@gmx.de
2019-11-30 16:29:58 [DEBUG] mail review id=359,mail to=aberkrom@gmail.com
2019-11-30 16:30:00 [DEBUG] mail review id=361,mail to=kaityferretti@gmail.com
2019-11-30 16:30:02 [DEBUG] mail review id=364,mail to=joerg-weber@gmx.de
2019-11-30 16:30:04 [DEBUG] mail review id=365,mail to=christiangebauer@t-online.de
2019-11-30 16:30:06 [DEBUG] mail review id=368,mail to=ph.avalle@gmail.com
2019-11-30 16:30:08 [DEBUG] mail review id=369,mail to=tuurthys34@hotmail.com
2019-11-30 16:30:10 [DEBUG] mail review id=370,mail to=scott@scottamenta.com
2019-11-30 16:30:13 [DEBUG] mail review id=371,mail to=joerg-weber@gmx.de
2019-11-30 16:30:15 [DEBUG] mail review id=375,mail to=veronikajanikova7@gmail.com
2019-11-30 16:30:17 [DEBUG] mail review id=376,mail to=veronikajanikova7@gmail.com
2019-11-30 16:30:19 [DEBUG] mail review id=377,mail to=daniel.schlesinger@aces.su.se
2019-11-30 16:30:21 [DEBUG] mail review id=378,mail to=gabi.ledermann@gmx.ch
2019-11-30 16:30:23 [DEBUG] mail review id=380,mail to=elkewylaw@gmail.com
2019-11-30 16:30:25 [DEBUG] mail review id=383,mail to=shruthi.a2491@gmail.com
2019-11-30 16:30:27 [DEBUG] mail review id=384,mail to=clairelmullins@tiscali.co.uk
2019-11-30 16:30:29 [DEBUG] mail review id=385,mail to=saida.baroudi@yahoo.fr
2019-11-30 16:30:31 [DEBUG] mail review id=386,mail to=matti.rusila@gmail.com
2019-11-30 16:30:34 [DEBUG] mail review id=387,mail to=yulia.shmiggi@gmail.com
2019-11-30 16:30:36 [DEBUG] mail review id=389,mail to=sur123bhi@gmail.com
2019-11-30 16:30:38 [DEBUG] mail review id=390,mail to=maiju.taskula@gmail.com
2019-11-30 16:30:40 [DEBUG] mail review id=392,mail to=kimbreadonddm@hotmail.co.uk
2019-11-30 16:30:42 [DEBUG] mail review id=394,mail to=Dennisschuettler87@web.de
2019-11-30 16:30:44 [DEBUG] mail review id=395,mail to=dekels@gmail.com
2019-11-30 16:30:46 [DEBUG] mail review id=396,mail to=blavetvacances@gmail.com
2019-11-30 16:30:48 [DEBUG] mail review id=401,mail to=daniberco1@gmail.com
2019-11-30 16:30:50 [DEBUG] mail review id=402,mail to=sheilawallace9@gmail.com
2019-11-30 16:30:52 [DEBUG] mail review id=404,mail to=ajvanstaden@gmail.com
2019-11-30 16:30:55 [DEBUG] mail review id=405,mail to=danette76osborne@hotmail.com
2019-11-30 16:30:57 [DEBUG] mail review id=409,mail to=joshisushil1990@gmail.com
2019-11-30 16:30:59 [DEBUG] mail review id=415,mail to=ashu.jhawar@gmail.com
2019-11-30 16:31:01 [DEBUG] mail review id=419,mail to=Keith.stephenson1204@yahoo.co.uk
2019-11-30 16:31:03 [DEBUG] mail review id=422,mail to=andreas@fernstroem.dk
2019-11-30 16:31:05 [DEBUG] mail review id=423,mail to=zorro@maximus.se
2019-11-30 16:31:07 [DEBUG] mail review id=424,mail to=cristinafer4321@gmail.com
2019-11-30 16:31:09 [DEBUG] mail review id=425,mail to=cristibrigada@yahoo.com
2019-11-30 16:31:11 [DEBUG] mail review id=429,mail to=akiren@hpre.fe
2019-11-30 16:31:14 [DEBUG] mail review id=431,mail to=vicki_sr@yahoo.com
2019-11-30 16:31:16 [DEBUG] mail review id=432,mail to=schurigh@gmail.com
2019-11-30 16:31:18 [DEBUG] mail review id=433,mail to=yoldia@hotmail.com
2019-11-30 16:31:20 [DEBUG] mail review id=434,mail to=rds6june@gmail.com
2019-11-30 16:31:22 [DEBUG] mail review id=437,mail to=dhenn@gmx.de
2019-11-30 16:31:24 [DEBUG] mail review id=439,mail to=linas.katilius@gmail.com
2019-11-30 16:31:26 [DEBUG] mail review id=440,mail to=xvax2004@hotmail.com
2019-11-30 16:31:28 [DEBUG] mail review id=441,mail to=burenduh28@gmail.com
2019-11-30 16:31:30 [DEBUG] mail review id=442,mail to=linas.katilius@gmail.com
2019-11-30 16:31:33 [DEBUG] mail review id=444,mail to=dannyhcooper@gmail.com
2019-11-30 16:31:35 [DEBUG] mail review id=445,mail to=geir.fjeldbo@gmail.com
2019-11-30 16:31:37 [DEBUG] mail review id=450,mail to=alistairjmking@gmail.com
2019-11-30 16:31:39 [DEBUG] mail review id=460,mail to=vindicator.pulkit@gmail.com
2019-11-30 16:31:41 [DEBUG] mail review id=461,mail to=olexa@tendershoot.com
2019-11-30 16:31:43 [DEBUG] mail review id=462,mail to=geoffhis@yahoo.co.uk
2019-11-30 16:31:45 [DEBUG] mail review id=464,mail to=judczi@gmail.com
2019-11-30 16:31:47 [DEBUG] mail review id=466,mail to=garnierlaure@hotmail.com
2019-11-30 16:31:49 [DEBUG] mail review id=469,mail to=nicolai.deresz@gmail.com
2019-11-30 16:31:51 [DEBUG] mail review id=470,mail to=matthias.linse@gmail.com
2019-11-30 16:31:54 [DEBUG] mail review id=471,mail to=charlotte.mertens@live.be
2019-11-30 16:31:56 [DEBUG] mail review id=472,mail to=charlotte.mertens@live.be
2019-11-30 16:31:58 [DEBUG] mail review id=473,mail to=matthias.linse@gmail.com
2019-11-30 16:32:00 [DEBUG] mail review id=474,mail to=mamepitch@gmail.com
2019-11-30 16:32:02 [DEBUG] mail review id=475,mail to=nikkothiam1@gmail.com
2019-11-30 16:32:04 [DEBUG] mail review id=477,mail to=alexkatz88@gmail.com
2019-11-30 16:32:06 [DEBUG] mail review id=479,mail to=Simi14@gmx.de
2019-11-30 16:32:08 [DEBUG] mail review id=480,mail to=chandrakumar.anu@gmail.com
2019-11-30 16:32:10 [DEBUG] mail review id=481,mail to=macus.m1980@gmail.com
2019-11-30 16:32:12 [DEBUG] mail review id=482,mail to=chrispickett7@gmail.com
2019-11-30 16:32:14 [DEBUG] mail review id=483,mail to=jochen.seier@web.de
2019-11-30 16:32:18 [DEBUG] mail review id=484,mail to=supreeth_roddick@hotmail.com
2019-11-30 16:32:20 [DEBUG] mail review id=485,mail to=jpa.westlake@hotmail.com
2019-11-30 16:32:22 [DEBUG] mail review id=486,mail to=momob67@yahoo.fr
2019-11-30 16:32:24 [DEBUG] mail review id=491,mail to=ameya.marie@gmail.com
2019-11-30 16:32:26 [DEBUG] mail review id=492,mail to=ameya.marie@gmail.com
2019-11-30 16:32:28 [DEBUG] mail review id=494,mail to=shakungifts@gmail.com
2019-11-30 16:32:30 [DEBUG] mail review id=500,mail to=satishsugavanam@yahoo.com
2019-11-30 16:32:32 [DEBUG] mail review id=501,mail to=silvester_rasquinha@yahoo.com
2019-11-30 16:32:35 [DEBUG] mail review id=502,mail to=indermohanmanchanda@hotmail.com
2019-11-30 16:32:37 [DEBUG] mail review id=503,mail to=mmsteenbergen@hotmail.com
2019-11-30 16:32:39 [DEBUG] mail review id=505,mail to=khairil.amri25@gmail.com
2019-11-30 16:32:41 [DEBUG] mail review id=509,mail to=lilis_can88@yahoo.com
2019-11-30 16:32:43 [DEBUG] mail review id=511,mail to=Drchandangarg17@gmail.com
2019-11-30 16:32:45 [DEBUG] mail review id=512,mail to=lukas.sperber@gmx.de
2019-11-30 16:32:47 [DEBUG] mail review id=515,mail to=daniel1997@seznam.cz
2019-11-30 16:32:49 [DEBUG] mail review id=517,mail to=k.karpowicz@gmx.net
2019-11-30 16:32:51 [DEBUG] mail review id=518,mail to=malcollb@gmail.com
2019-11-30 16:32:53 [DEBUG] mail review id=519,mail to=marcel.klopper@online.nl
2019-11-30 16:32:55 [DEBUG] mail review id=522,mail to=demigeurtsen@hotmail.com
2019-11-30 16:32:58 [DEBUG] mail review id=523,mail to=yann.ravonel@sunrise.ch
2019-11-30 16:33:00 [DEBUG] mail review id=524,mail to=mohamed.zerouali@yahoo.fr
2019-11-30 16:33:02 [DEBUG] mail review id=525,mail to=peter.van.as@snelnet.net
2019-11-30 16:33:04 [DEBUG] mail review id=526,mail to=krwwhite@hotmail.com
2019-11-30 16:33:06 [DEBUG] mail review id=529,mail to=michael@top-rehm.de
2019-11-30 16:33:08 [DEBUG] mail review id=531,mail to=vinodgiri@yahoo.com
2019-11-30 16:33:10 [DEBUG] mail review id=532,mail to=gonzalotalo@hotmail.com
2019-11-30 16:33:12 [DEBUG] mail review id=535,mail to=leonard.dass@gmail.com
2019-11-30 16:33:14 [DEBUG] mail review id=542,mail to=liseaudet75@videotron.ca
2019-11-30 16:33:16 [DEBUG] mail review id=543,mail to=swishyoll@yahoo.com
2019-11-30 16:33:18 [DEBUG] mail review id=546,mail to=guillaume.larbre@hotmail.fr
2019-11-30 16:33:21 [DEBUG] mail review id=547,mail to=swatibt@gmail.com
2019-11-30 16:33:23 [DEBUG] mail review id=548,mail to=laurenn6c@yahoo.co.uk
2019-11-30 16:33:25 [DEBUG] mail review id=551,mail to=satyamtiwari@yahoo.com
2019-11-30 16:33:27 [DEBUG] mail review id=552,mail to=faroukramli@yahoo.co.uk
2019-11-30 16:33:29 [DEBUG] mail review id=553,mail to=KROPI-OLGA@YANDEX.RU
2019-11-30 16:33:31 [DEBUG] mail review id=555,mail to=test@mail.com
2019-11-30 16:33:34 [DEBUG] mail review id=559,mail to=svargalok@mail.com
2019-11-30 16:33:36 [DEBUG] mail review id=569,mail to=svargalok@gmail.com
2019-11-30 16:33:38 [DEBUG] mail review id=570,mail to=werawat.limprasert@gmail.com
2019-11-30 16:33:40 [DEBUG] mail review id=571,mail to=werawat.limprasert@gmail.com
2019-11-30 16:33:42 [DEBUG] mail review id=573,mail to=svargalok@gmail.com
2019-11-30 16:33:44 [DEBUG] mail review id=574,mail to=svargalok@gmail.com
2019-11-30 16:33:46 [DEBUG] mail review id=576,mail to=werawat.limprasert@gmail.com
2019-11-30 16:33:48 [DEBUG] mail review id=577,mail to=svargalok@gmail.com
2019-11-30 16:33:50 [DEBUG] mail review id=578,mail to=svargalok@gmail.com
2019-11-30 16:33:52 [DEBUG] mail review id=579,mail to=svargalok@gmail.com
2019-11-30 16:33:54 [DEBUG] mail review id=580,mail to=svargalok@gmail.com
2019-11-30 16:33:57 [DEBUG] mail review id=581,mail to=svargalok@gmail.com
2019-11-30 16:33:59 [DEBUG] mail review id=582,mail to=werawat.limprasert@gmail.com
2019-11-30 16:34:01 [DEBUG] mail review id=583,mail to=svargalok@gmail.com
2019-11-30 16:34:03 [DEBUG] mail review id=584,mail to=svargalok@gmail.com
2019-11-30 16:34:05 [DEBUG] mail review id=585,mail to=svargalok@gmail.com
2019-11-30 16:34:07 [DEBUG] mail review id=586,mail to=svargalok@gmail.com
2019-11-30 16:34:09 [DEBUG] mail review id=589,mail to=svargalok@gmail.com
2019-11-30 16:34:11 [DEBUG] mail review id=590,mail to=svargalok@gmail.com
2019-11-30 16:34:13 [DEBUG] mail review id=591,mail to=svargalok@gmail.com
2019-11-30 16:34:15 [DEBUG] mail review id=592,mail to=svargalok@gmail.com
2019-11-30 16:34:17 [DEBUG] mail review id=593,mail to=svargalok@gmail.com
